[info] [API] Request for entity/actions: {
	"action": "entity/actions",
	"params": {
		"clickedPath": "C:/Paulina/lowgular-course-entry/src/app/ui/employee-list/employee-list.component.ts",
		"position": 475
	},
	"context": {
		"workspace": {
			"rootPath": "C:/Paulina/lowgular-course-entry"
		},
		"userContext": {
			"id": "93btFzSWtH",
			"correlationId": "_KeoJXRWD3",
			"clickedPath": "C:/Paulina/lowgular-course-entry/src/app/ui/employee-list/employee-list.component.ts",
			"logEnvId": "development"
		}
	},
	"level": "info",
	"message": "[API] Request for entity/actions"
}
[info] [API] Response ok: entity/actions: {
	"result": {
		"context": {
			"parentClass": "EmployeeListComponent",
			"parentProperty": "data$"
		},
		"children": [
			{
				"label": "Properties",
				"children": [
					{
						"label": "data$",
						"children": [
							{
								"actionId": "RXJS_CALL_EXPRESSIONS_MAP",
								"label": "Map Property",
								"callPath": [
									"data$"
								]
							},
							{
								"actionId": "RXJS_CALL_EXPRESSIONS_TAP",
								"label": "Property Side Effect",
								"callPath": [
									"data$"
								]
							}
						]
					},
					{
						"actionId": "ADD_FORM",
						"label": "Create Form Property",
						"callPath": []
					},
					{
						"actionId": "RXJS_PROPERTY_CREATE",
						"label": "Create Data Property",
						"callPath": []
					},
					{
						"actionId": "RXJS_PROPERTY_SUBJECT_CREATE",
						"label": "Create Subject Property",
						"callPath": []
					}
				]
			},
			{
				"label": "Inject",
				"actionId": "INJECT",
				"callPath": []
			},
			{
				"label": "Methods",
				"children": [
					{
						"actionId": "METHOD_CREATE",
						"label": "Create New Method",
						"callPath": []
					}
				]
			},
			{
				"label": "Add Component to Route",
				"actionId": "ADD_TO_ROUTE",
				"callPath": []
			}
		]
	},
	"level": "info",
	"message": "[API] Response ok: entity/actions"
}
[info] [CLI] Calling Query entity/actions: {
	"funcParams": {
		"clickedPath": "C:/Paulina/lowgular-course-entry/src/app/ui/employee-list/employee-list.component.ts",
		"position": 475
	},
	"level": "info",
	"message": "[CLI] Calling Query entity/actions"
}
[info] [CLI] Called Query entity/actions: {
	"result": {
		"context": {
			"parentClass": "EmployeeListComponent",
			"parentProperty": "data$"
		},
		"children": [
			{
				"label": "Properties",
				"children": [
					{
						"label": "data$",
						"children": [
							{
								"actionId": "RXJS_CALL_EXPRESSIONS_MAP",
								"label": "Map Property",
								"callPath": [
									"data$"
								]
							},
							{
								"actionId": "RXJS_CALL_EXPRESSIONS_TAP",
								"label": "Property Side Effect",
								"callPath": [
									"data$"
								]
							}
						]
					},
					{
						"actionId": "ADD_FORM",
						"label": "Create Form Property",
						"callPath": []
					},
					{
						"actionId": "RXJS_PROPERTY_CREATE",
						"label": "Create Data Property",
						"callPath": []
					},
					{
						"actionId": "RXJS_PROPERTY_SUBJECT_CREATE",
						"label": "Create Subject Property",
						"callPath": []
					}
				]
			},
			{
				"label": "Inject",
				"actionId": "INJECT",
				"callPath": []
			},
			{
				"label": "Methods",
				"children": [
					{
						"actionId": "METHOD_CREATE",
						"label": "Create New Method",
						"callPath": []
					}
				]
			},
			{
				"label": "Add Component to Route",
				"actionId": "ADD_TO_ROUTE",
				"callPath": []
			}
		]
	},
	"level": "info",
	"message": "[CLI] Called Query entity/actions"
}
[info] [API] Request for entity/actions: {
	"action": "entity/actions",
	"params": {
		"clickedPath": "C:/Paulina/lowgular-course-entry/src/app/ui/employee-list/employee-list.component.ts",
		"position": 475
	},
	"context": {
		"workspace": {
			"rootPath": "C:/Paulina/lowgular-course-entry"
		},
		"userContext": {
			"id": "93btFzSWtH",
			"correlationId": "qYZ-4KcUiz",
			"clickedPath": "C:/Paulina/lowgular-course-entry/src/app/ui/employee-list/employee-list.component.ts",
			"logEnvId": "development"
		}
	},
	"level": "info",
	"message": "[API] Request for entity/actions"
}
[info] [API] Response ok: entity/actions: {
	"result": {
		"context": {
			"parentClass": "EmployeeListComponent",
			"parentProperty": "data$"
		},
		"children": [
			{
				"label": "Properties",
				"children": [
					{
						"label": "data$",
						"children": [
							{
								"actionId": "RXJS_CALL_EXPRESSIONS_MAP",
								"label": "Map Property",
								"callPath": [
									"data$"
								]
							},
							{
								"actionId": "RXJS_CALL_EXPRESSIONS_TAP",
								"label": "Property Side Effect",
								"callPath": [
									"data$"
								]
							}
						]
					},
					{
						"actionId": "ADD_FORM",
						"label": "Create Form Property",
						"callPath": []
					},
					{
						"actionId": "RXJS_PROPERTY_CREATE",
						"label": "Create Data Property",
						"callPath": []
					},
					{
						"actionId": "RXJS_PROPERTY_SUBJECT_CREATE",
						"label": "Create Subject Property",
						"callPath": []
					}
				]
			},
			{
				"label": "Inject",
				"actionId": "INJECT",
				"callPath": []
			},
			{
				"label": "Methods",
				"children": [
					{
						"actionId": "METHOD_CREATE",
						"label": "Create New Method",
						"callPath": []
					}
				]
			},
			{
				"label": "Add Component to Route",
				"actionId": "ADD_TO_ROUTE",
				"callPath": []
			}
		]
	},
	"level": "info",
	"message": "[API] Response ok: entity/actions"
}
[info] [CLI] Calling Query entity/actions: {
	"funcParams": {
		"clickedPath": "C:/Paulina/lowgular-course-entry/src/app/ui/employee-list/employee-list.component.ts",
		"position": 475
	},
	"level": "info",
	"message": "[CLI] Calling Query entity/actions"
}
[info] [CLI] Called Query entity/actions: {
	"result": {
		"context": {
			"parentClass": "EmployeeListComponent",
			"parentProperty": "data$"
		},
		"children": [
			{
				"label": "Properties",
				"children": [
					{
						"label": "data$",
						"children": [
							{
								"actionId": "RXJS_CALL_EXPRESSIONS_MAP",
								"label": "Map Property",
								"callPath": [
									"data$"
								]
							},
							{
								"actionId": "RXJS_CALL_EXPRESSIONS_TAP",
								"label": "Property Side Effect",
								"callPath": [
									"data$"
								]
							}
						]
					},
					{
						"actionId": "ADD_FORM",
						"label": "Create Form Property",
						"callPath": []
					},
					{
						"actionId": "RXJS_PROPERTY_CREATE",
						"label": "Create Data Property",
						"callPath": []
					},
					{
						"actionId": "RXJS_PROPERTY_SUBJECT_CREATE",
						"label": "Create Subject Property",
						"callPath": []
					}
				]
			},
			{
				"label": "Inject",
				"actionId": "INJECT",
				"callPath": []
			},
			{
				"label": "Methods",
				"children": [
					{
						"actionId": "METHOD_CREATE",
						"label": "Create New Method",
						"callPath": []
					}
				]
			},
			{
				"label": "Add Component to Route",
				"actionId": "ADD_TO_ROUTE",
				"callPath": []
			}
		]
	},
	"level": "info",
	"message": "[CLI] Called Query entity/actions"
}
[info] [API] Request for injectable/list: {
	"action": "injectable/list",
	"params": {
		"entityFilePath": "C:/Paulina/lowgular-course-entry/src/app/ui/employee-list/employee-list.component.ts"
	},
	"context": {
		"workspace": {
			"rootPath": "C:/Paulina/lowgular-course-entry"
		},
		"userContext": {
			"id": "93btFzSWtH",
			"correlationId": "qYZ-4KcUiz",
			"clickedPath": "C:/Paulina/lowgular-course-entry/src/app/ui/employee-list/employee-list.component.ts",
			"logEnvId": "development"
		}
	},
	"level": "info",
	"message": "[API] Request for injectable/list"
}
[info] [CLI] Calling Query injectable/list: {
	"funcParams": {
		"entityFilePath": "C:/Paulina/lowgular-course-entry/src/app/ui/employee-list/employee-list.component.ts"
	},
	"level": "info",
	"message": "[CLI] Calling Query injectable/list"
}
[info] [CLI] Called Query injectable/list: {
	"result": [
		{
			"id": "httpClient",
			"dataType": "External",
			"name": "HttpClient",
			"relatedTypes": {}
		},
		{
			"id": "activatedRoute",
			"dataType": "External",
			"name": "ActivatedRoute",
			"relatedTypes": {}
		}
	],
	"level": "info",
	"message": "[CLI] Called Query injectable/list"
}
[info] [API] Response ok: injectable/list: {
	"result": [
		{
			"id": "httpClient",
			"dataType": "External",
			"name": "HttpClient",
			"relatedTypes": {}
		},
		{
			"id": "activatedRoute",
			"dataType": "External",
			"name": "ActivatedRoute",
			"relatedTypes": {}
		}
	],
	"level": "info",
	"message": "[API] Response ok: injectable/list"
}
[info] [API] Request for injectable/inject-external: {
	"action": "injectable/inject-external",
	"params": {
		"entityFilePath": "C:/Paulina/lowgular-course-entry/src/app/ui/employee-list/employee-list.component.ts",
		"externalId": "httpClient"
	},
	"context": {
		"workspace": {
			"rootPath": "C:/Paulina/lowgular-course-entry"
		},
		"userContext": {
			"id": "93btFzSWtH",
			"correlationId": "qYZ-4KcUiz",
			"clickedPath": "C:/Paulina/lowgular-course-entry/src/app/ui/employee-list/employee-list.component.ts",
			"logEnvId": "development"
		}
	},
	"level": "info",
	"message": "[API] Request for injectable/inject-external"
}
[info] [CLI] Calling Command injectable/inject-external: {
	"funcParams": {
		"entityFilePath": "C:/Paulina/lowgular-course-entry/src/app/ui/employee-list/employee-list.component.ts",
		"externalId": "httpClient"
	},
	"level": "info",
	"message": "[CLI] Calling Command injectable/inject-external"
}
[info] [CommandBus]: Dispatching command INJECT_EXTERNAL_DEPENDENCY: {
	"commandName": "INJECT_EXTERNAL_DEPENDENCY",
	"payload": {
		"entityFilePath": "C:/Paulina/lowgular-course-entry/src/app/ui/employee-list/employee-list.component.ts",
		"externalType": "HttpClient",
		"genericFilePaths": []
	},
	"level": "info",
	"message": "[CommandBus]: Dispatching command INJECT_EXTERNAL_DEPENDENCY"
}
[info] [CommandBus]: Handled  INJECT_EXTERNAL_DEPENDENCY: {
	"commandName": "INJECT_EXTERNAL_DEPENDENCY",
	"payload": {
		"entityFilePath": "C:/Paulina/lowgular-course-entry/src/app/ui/employee-list/employee-list.component.ts",
		"externalType": "HttpClient",
		"genericFilePaths": []
	},
	"level": "info",
	"message": "[CommandBus]: Handled  INJECT_EXTERNAL_DEPENDENCY"
}
[info] [CLI] Called Command injectable/inject-external: {
	"message": "[CLI] Called Command injectable/inject-external",
	"level": "info"
}
[info] [API] Response ok: injectable/inject-external: {
	"result": {
		"filePath": "C:/Paulina/lowgular-course-entry/src/app/ui/employee-list/employee-list.component.ts"
	},
	"level": "info",
	"message": "[API] Response ok: injectable/inject-external"
}
[info] [API] Request for entity/actions: {
	"action": "entity/actions",
	"params": {
		"clickedPath": "C:/Paulina/lowgular-course-entry/src/app/ui/employee-list/employee-list.component.ts",
		"position": 475
	},
	"context": {
		"workspace": {
			"rootPath": "C:/Paulina/lowgular-course-entry"
		},
		"userContext": {
			"id": "93btFzSWtH",
			"correlationId": "3u8CE7fk8B",
			"clickedPath": "C:/Paulina/lowgular-course-entry/src/app/ui/employee-list/employee-list.component.ts",
			"logEnvId": "development"
		}
	},
	"level": "info",
	"message": "[API] Request for entity/actions"
}
[info] [API] Response ok: entity/actions: {
	"result": {
		"context": {},
		"children": [
			{
				"label": "Properties",
				"children": [
					{
						"label": "data$",
						"children": [
							{
								"actionId": "RXJS_CALL_EXPRESSIONS_MAP",
								"label": "Map Property",
								"callPath": [
									"data$"
								]
							},
							{
								"actionId": "RXJS_CALL_EXPRESSIONS_TAP",
								"label": "Property Side Effect",
								"callPath": [
									"data$"
								]
							}
						]
					},
					{
						"actionId": "ADD_FORM",
						"label": "Create Form Property",
						"callPath": []
					},
					{
						"actionId": "RXJS_PROPERTY_CREATE",
						"label": "Create Data Property",
						"callPath": []
					},
					{
						"actionId": "RXJS_PROPERTY_SUBJECT_CREATE",
						"label": "Create Subject Property",
						"callPath": []
					}
				]
			},
			{
				"label": "Inject",
				"actionId": "INJECT",
				"callPath": []
			},
			{
				"label": "Methods",
				"children": [
					{
						"actionId": "METHOD_CREATE",
						"label": "Create New Method",
						"callPath": []
					}
				]
			},
			{
				"label": "Add Component to Route",
				"actionId": "ADD_TO_ROUTE",
				"callPath": []
			}
		]
	},
	"level": "info",
	"message": "[API] Response ok: entity/actions"
}
[info] [CLI] Calling Query entity/actions: {
	"funcParams": {
		"clickedPath": "C:/Paulina/lowgular-course-entry/src/app/ui/employee-list/employee-list.component.ts",
		"position": 475
	},
	"level": "info",
	"message": "[CLI] Calling Query entity/actions"
}
[info] [CLI] Called Query entity/actions: {
	"result": {
		"context": {},
		"children": [
			{
				"label": "Properties",
				"children": [
					{
						"label": "data$",
						"children": [
							{
								"actionId": "RXJS_CALL_EXPRESSIONS_MAP",
								"label": "Map Property",
								"callPath": [
									"data$"
								]
							},
							{
								"actionId": "RXJS_CALL_EXPRESSIONS_TAP",
								"label": "Property Side Effect",
								"callPath": [
									"data$"
								]
							}
						]
					},
					{
						"actionId": "ADD_FORM",
						"label": "Create Form Property",
						"callPath": []
					},
					{
						"actionId": "RXJS_PROPERTY_CREATE",
						"label": "Create Data Property",
						"callPath": []
					},
					{
						"actionId": "RXJS_PROPERTY_SUBJECT_CREATE",
						"label": "Create Subject Property",
						"callPath": []
					}
				]
			},
			{
				"label": "Inject",
				"actionId": "INJECT",
				"callPath": []
			},
			{
				"label": "Methods",
				"children": [
					{
						"actionId": "METHOD_CREATE",
						"label": "Create New Method",
						"callPath": []
					}
				]
			},
			{
				"label": "Add Component to Route",
				"actionId": "ADD_TO_ROUTE",
				"callPath": []
			}
		]
	},
	"level": "info",
	"message": "[CLI] Called Query entity/actions"
}
[info] [API] Request for injectable/list: {
	"action": "injectable/list",
	"params": {
		"entityFilePath": "C:/Paulina/lowgular-course-entry/src/app/ui/employee-list/employee-list.component.ts"
	},
	"context": {
		"workspace": {
			"rootPath": "C:/Paulina/lowgular-course-entry"
		},
		"userContext": {
			"id": "93btFzSWtH",
			"correlationId": "3u8CE7fk8B",
			"clickedPath": "C:/Paulina/lowgular-course-entry/src/app/ui/employee-list/employee-list.component.ts",
			"logEnvId": "development"
		}
	},
	"level": "info",
	"message": "[API] Request for injectable/list"
}
[info] [CLI] Calling Query injectable/list: {
	"funcParams": {
		"entityFilePath": "C:/Paulina/lowgular-course-entry/src/app/ui/employee-list/employee-list.component.ts"
	},
	"level": "info",
	"message": "[CLI] Calling Query injectable/list"
}
[info] [CLI] Called Query injectable/list: {
	"result": [
		{
			"id": "httpClient",
			"dataType": "External",
			"name": "HttpClient",
			"relatedTypes": {}
		},
		{
			"id": "activatedRoute",
			"dataType": "External",
			"name": "ActivatedRoute",
			"relatedTypes": {}
		}
	],
	"level": "info",
	"message": "[CLI] Called Query injectable/list"
}
[info] [API] Response ok: injectable/list: {
	"result": [
		{
			"id": "httpClient",
			"dataType": "External",
			"name": "HttpClient",
			"relatedTypes": {}
		},
		{
			"id": "activatedRoute",
			"dataType": "External",
			"name": "ActivatedRoute",
			"relatedTypes": {}
		}
	],
	"level": "info",
	"message": "[API] Response ok: injectable/list"
}
[info] [API] Request for injectable/inject-external: {
	"action": "injectable/inject-external",
	"params": {
		"entityFilePath": "C:/Paulina/lowgular-course-entry/src/app/ui/employee-list/employee-list.component.ts",
		"externalId": "httpClient"
	},
	"context": {
		"workspace": {
			"rootPath": "C:/Paulina/lowgular-course-entry"
		},
		"userContext": {
			"id": "93btFzSWtH",
			"correlationId": "3u8CE7fk8B",
			"clickedPath": "C:/Paulina/lowgular-course-entry/src/app/ui/employee-list/employee-list.component.ts",
			"logEnvId": "development"
		}
	},
	"level": "info",
	"message": "[API] Request for injectable/inject-external"
}
[info] [CLI] Calling Command injectable/inject-external: {
	"funcParams": {
		"entityFilePath": "C:/Paulina/lowgular-course-entry/src/app/ui/employee-list/employee-list.component.ts",
		"externalId": "httpClient"
	},
	"level": "info",
	"message": "[CLI] Calling Command injectable/inject-external"
}
[info] [CommandBus]: Dispatching command INJECT_EXTERNAL_DEPENDENCY: {
	"commandName": "INJECT_EXTERNAL_DEPENDENCY",
	"payload": {
		"entityFilePath": "C:/Paulina/lowgular-course-entry/src/app/ui/employee-list/employee-list.component.ts",
		"externalType": "HttpClient",
		"genericFilePaths": []
	},
	"level": "info",
	"message": "[CommandBus]: Dispatching command INJECT_EXTERNAL_DEPENDENCY"
}
[info] [CommandBus]: Handled  INJECT_EXTERNAL_DEPENDENCY: {
	"commandName": "INJECT_EXTERNAL_DEPENDENCY",
	"payload": {
		"entityFilePath": "C:/Paulina/lowgular-course-entry/src/app/ui/employee-list/employee-list.component.ts",
		"externalType": "HttpClient",
		"genericFilePaths": []
	},
	"level": "info",
	"message": "[CommandBus]: Handled  INJECT_EXTERNAL_DEPENDENCY"
}
[info] [CLI] Called Command injectable/inject-external: {
	"message": "[CLI] Called Command injectable/inject-external",
	"level": "info"
}
[info] [API] Response ok: injectable/inject-external: {
	"result": {
		"filePath": "C:/Paulina/lowgular-course-entry/src/app/ui/employee-list/employee-list.component.ts"
	},
	"level": "info",
	"message": "[API] Response ok: injectable/inject-external"
}
[info] [API] Request for entity/actions: {
	"action": "entity/actions",
	"params": {
		"clickedPath": "C:/Paulina/lowgular-course-entry/src/app/ui/employee-list/employee-list.component.ts",
		"position": 419
	},
	"context": {
		"workspace": {
			"rootPath": "C:/Paulina/lowgular-course-entry"
		},
		"userContext": {
			"id": "93btFzSWtH",
			"correlationId": "ErOVGMN5c-",
			"clickedPath": "C:/Paulina/lowgular-course-entry/src/app/ui/employee-list/employee-list.component.ts",
			"logEnvId": "development"
		}
	},
	"level": "info",
	"message": "[API] Request for entity/actions"
}
[info] [API] Response ok: entity/actions: {
	"result": {
		"context": {
			"parentClass": "EmployeeListComponent"
		},
		"children": [
			{
				"label": "Properties",
				"children": [
					{
						"label": "data$",
						"children": [
							{
								"actionId": "RXJS_CALL_EXPRESSIONS_MAP",
								"label": "Map Property",
								"callPath": [
									"data$"
								]
							},
							{
								"actionId": "RXJS_CALL_EXPRESSIONS_TAP",
								"label": "Property Side Effect",
								"callPath": [
									"data$"
								]
							}
						]
					},
					{
						"actionId": "ADD_FORM",
						"label": "Create Form Property",
						"callPath": []
					},
					{
						"actionId": "RXJS_PROPERTY_CREATE",
						"label": "Create Data Property",
						"callPath": []
					},
					{
						"actionId": "RXJS_PROPERTY_SUBJECT_CREATE",
						"label": "Create Subject Property",
						"callPath": []
					}
				]
			},
			{
				"label": "Inject",
				"actionId": "INJECT",
				"callPath": []
			},
			{
				"label": "Methods",
				"children": [
					{
						"actionId": "METHOD_CREATE",
						"label": "Create New Method",
						"callPath": []
					}
				]
			},
			{
				"label": "Add Component to Route",
				"actionId": "ADD_TO_ROUTE",
				"callPath": []
			}
		]
	},
	"level": "info",
	"message": "[API] Response ok: entity/actions"
}
[info] [CLI] Calling Query entity/actions: {
	"funcParams": {
		"clickedPath": "C:/Paulina/lowgular-course-entry/src/app/ui/employee-list/employee-list.component.ts",
		"position": 419
	},
	"level": "info",
	"message": "[CLI] Calling Query entity/actions"
}
[info] [CLI] Called Query entity/actions: {
	"result": {
		"context": {
			"parentClass": "EmployeeListComponent"
		},
		"children": [
			{
				"label": "Properties",
				"children": [
					{
						"label": "data$",
						"children": [
							{
								"actionId": "RXJS_CALL_EXPRESSIONS_MAP",
								"label": "Map Property",
								"callPath": [
									"data$"
								]
							},
							{
								"actionId": "RXJS_CALL_EXPRESSIONS_TAP",
								"label": "Property Side Effect",
								"callPath": [
									"data$"
								]
							}
						]
					},
					{
						"actionId": "ADD_FORM",
						"label": "Create Form Property",
						"callPath": []
					},
					{
						"actionId": "RXJS_PROPERTY_CREATE",
						"label": "Create Data Property",
						"callPath": []
					},
					{
						"actionId": "RXJS_PROPERTY_SUBJECT_CREATE",
						"label": "Create Subject Property",
						"callPath": []
					}
				]
			},
			{
				"label": "Inject",
				"actionId": "INJECT",
				"callPath": []
			},
			{
				"label": "Methods",
				"children": [
					{
						"actionId": "METHOD_CREATE",
						"label": "Create New Method",
						"callPath": []
					}
				]
			},
			{
				"label": "Add Component to Route",
				"actionId": "ADD_TO_ROUTE",
				"callPath": []
			}
		]
	},
	"level": "info",
	"message": "[CLI] Called Query entity/actions"
}
[info] [API] Request for injectable/list: {
	"action": "injectable/list",
	"params": {
		"entityFilePath": "C:/Paulina/lowgular-course-entry/src/app/ui/employee-list/employee-list.component.ts"
	},
	"context": {
		"workspace": {
			"rootPath": "C:/Paulina/lowgular-course-entry"
		},
		"userContext": {
			"id": "93btFzSWtH",
			"correlationId": "ErOVGMN5c-",
			"clickedPath": "C:/Paulina/lowgular-course-entry/src/app/ui/employee-list/employee-list.component.ts",
			"logEnvId": "development"
		}
	},
	"level": "info",
	"message": "[API] Request for injectable/list"
}
[info] [CLI] Calling Query injectable/list: {
	"funcParams": {
		"entityFilePath": "C:/Paulina/lowgular-course-entry/src/app/ui/employee-list/employee-list.component.ts"
	},
	"level": "info",
	"message": "[CLI] Calling Query injectable/list"
}
[info] [CLI] Called Query injectable/list: {
	"result": [
		{
			"id": "httpClient",
			"dataType": "External",
			"name": "HttpClient",
			"relatedTypes": {}
		},
		{
			"id": "activatedRoute",
			"dataType": "External",
			"name": "ActivatedRoute",
			"relatedTypes": {}
		}
	],
	"level": "info",
	"message": "[CLI] Called Query injectable/list"
}
[info] [API] Response ok: injectable/list: {
	"result": [
		{
			"id": "httpClient",
			"dataType": "External",
			"name": "HttpClient",
			"relatedTypes": {}
		},
		{
			"id": "activatedRoute",
			"dataType": "External",
			"name": "ActivatedRoute",
			"relatedTypes": {}
		}
	],
	"level": "info",
	"message": "[API] Response ok: injectable/list"
}
[info] [API] Request for injectable/inject-external: {
	"action": "injectable/inject-external",
	"params": {
		"entityFilePath": "C:/Paulina/lowgular-course-entry/src/app/ui/employee-list/employee-list.component.ts",
		"externalId": "httpClient"
	},
	"context": {
		"workspace": {
			"rootPath": "C:/Paulina/lowgular-course-entry"
		},
		"userContext": {
			"id": "93btFzSWtH",
			"correlationId": "ErOVGMN5c-",
			"clickedPath": "C:/Paulina/lowgular-course-entry/src/app/ui/employee-list/employee-list.component.ts",
			"logEnvId": "development"
		}
	},
	"level": "info",
	"message": "[API] Request for injectable/inject-external"
}
[info] [API] Response ok: injectable/inject-external: {
	"result": {
		"filePath": "C:/Paulina/lowgular-course-entry/src/app/ui/employee-list/employee-list.component.ts"
	},
	"level": "info",
	"message": "[API] Response ok: injectable/inject-external"
}
[info] [CLI] Calling Command injectable/inject-external: {
	"funcParams": {
		"entityFilePath": "C:/Paulina/lowgular-course-entry/src/app/ui/employee-list/employee-list.component.ts",
		"externalId": "httpClient"
	},
	"level": "info",
	"message": "[CLI] Calling Command injectable/inject-external"
}
[info] [CLI] Called Command injectable/inject-external: {
	"message": "[CLI] Called Command injectable/inject-external",
	"level": "info"
}
[info] [CommandBus]: Dispatching command INJECT_EXTERNAL_DEPENDENCY: {
	"commandName": "INJECT_EXTERNAL_DEPENDENCY",
	"payload": {
		"entityFilePath": "C:/Paulina/lowgular-course-entry/src/app/ui/employee-list/employee-list.component.ts",
		"externalType": "HttpClient",
		"genericFilePaths": []
	},
	"level": "info",
	"message": "[CommandBus]: Dispatching command INJECT_EXTERNAL_DEPENDENCY"
}
[info] [CommandBus]: Handled  INJECT_EXTERNAL_DEPENDENCY: {
	"commandName": "INJECT_EXTERNAL_DEPENDENCY",
	"payload": {
		"entityFilePath": "C:/Paulina/lowgular-course-entry/src/app/ui/employee-list/employee-list.component.ts",
		"externalType": "HttpClient",
		"genericFilePaths": []
	},
	"level": "info",
	"message": "[CommandBus]: Handled  INJECT_EXTERNAL_DEPENDENCY"
}
[info] [API] Request for entity/actions: {
	"action": "entity/actions",
	"params": {
		"clickedPath": "C:/Paulina/lowgular-course-entry/src/app/ui/employee-list/employee-list.component.ts",
		"position": 475
	},
	"context": {
		"workspace": {
			"rootPath": "C:/Paulina/lowgular-course-entry"
		},
		"userContext": {
			"id": "93btFzSWtH",
			"correlationId": "XZgYpttWVH",
			"clickedPath": "C:/Paulina/lowgular-course-entry/src/app/ui/employee-list/employee-list.component.ts",
			"logEnvId": "development"
		}
	},
	"level": "info",
	"message": "[API] Request for entity/actions"
}
[info] [API] Response ok: entity/actions: {
	"result": {
		"context": {
			"parentClass": "EmployeeListComponent",
			"parentProperty": "data$"
		},
		"children": [
			{
				"label": "Properties",
				"children": [
					{
						"label": "data$",
						"children": [
							{
								"actionId": "RXJS_CALL_EXPRESSIONS_MAP",
								"label": "Map Property",
								"callPath": [
									"data$"
								]
							},
							{
								"actionId": "RXJS_CALL_EXPRESSIONS_TAP",
								"label": "Property Side Effect",
								"callPath": [
									"data$"
								]
							}
						]
					},
					{
						"actionId": "ADD_FORM",
						"label": "Create Form Property",
						"callPath": []
					},
					{
						"actionId": "RXJS_PROPERTY_CREATE",
						"label": "Create Data Property",
						"callPath": []
					},
					{
						"actionId": "RXJS_PROPERTY_SUBJECT_CREATE",
						"label": "Create Subject Property",
						"callPath": []
					}
				]
			},
			{
				"label": "Inject",
				"actionId": "INJECT",
				"callPath": []
			},
			{
				"label": "Methods",
				"children": [
					{
						"actionId": "METHOD_CREATE",
						"label": "Create New Method",
						"callPath": []
					}
				]
			},
			{
				"label": "Add Component to Route",
				"actionId": "ADD_TO_ROUTE",
				"callPath": []
			}
		]
	},
	"level": "info",
	"message": "[API] Response ok: entity/actions"
}
[info] [CLI] Calling Query entity/actions: {
	"funcParams": {
		"clickedPath": "C:/Paulina/lowgular-course-entry/src/app/ui/employee-list/employee-list.component.ts",
		"position": 475
	},
	"level": "info",
	"message": "[CLI] Calling Query entity/actions"
}
[info] [CLI] Called Query entity/actions: {
	"result": {
		"context": {
			"parentClass": "EmployeeListComponent",
			"parentProperty": "data$"
		},
		"children": [
			{
				"label": "Properties",
				"children": [
					{
						"label": "data$",
						"children": [
							{
								"actionId": "RXJS_CALL_EXPRESSIONS_MAP",
								"label": "Map Property",
								"callPath": [
									"data$"
								]
							},
							{
								"actionId": "RXJS_CALL_EXPRESSIONS_TAP",
								"label": "Property Side Effect",
								"callPath": [
									"data$"
								]
							}
						]
					},
					{
						"actionId": "ADD_FORM",
						"label": "Create Form Property",
						"callPath": []
					},
					{
						"actionId": "RXJS_PROPERTY_CREATE",
						"label": "Create Data Property",
						"callPath": []
					},
					{
						"actionId": "RXJS_PROPERTY_SUBJECT_CREATE",
						"label": "Create Subject Property",
						"callPath": []
					}
				]
			},
			{
				"label": "Inject",
				"actionId": "INJECT",
				"callPath": []
			},
			{
				"label": "Methods",
				"children": [
					{
						"actionId": "METHOD_CREATE",
						"label": "Create New Method",
						"callPath": []
					}
				]
			},
			{
				"label": "Add Component to Route",
				"actionId": "ADD_TO_ROUTE",
				"callPath": []
			}
		]
	},
	"level": "info",
	"message": "[CLI] Called Query entity/actions"
}
[info] [API] Request for injectable/list: {
	"action": "injectable/list",
	"params": {
		"entityFilePath": "C:/Paulina/lowgular-course-entry/src/app/ui/employee-list/employee-list.component.ts"
	},
	"context": {
		"workspace": {
			"rootPath": "C:/Paulina/lowgular-course-entry"
		},
		"userContext": {
			"id": "93btFzSWtH",
			"correlationId": "XZgYpttWVH",
			"clickedPath": "C:/Paulina/lowgular-course-entry/src/app/ui/employee-list/employee-list.component.ts",
			"logEnvId": "development"
		}
	},
	"level": "info",
	"message": "[API] Request for injectable/list"
}
[info] [CLI] Calling Query injectable/list: {
	"funcParams": {
		"entityFilePath": "C:/Paulina/lowgular-course-entry/src/app/ui/employee-list/employee-list.component.ts"
	},
	"level": "info",
	"message": "[CLI] Calling Query injectable/list"
}
[info] [CLI] Called Query injectable/list: {
	"result": [
		{
			"id": "httpClient",
			"dataType": "External",
			"name": "HttpClient",
			"relatedTypes": {}
		},
		{
			"id": "activatedRoute",
			"dataType": "External",
			"name": "ActivatedRoute",
			"relatedTypes": {}
		}
	],
	"level": "info",
	"message": "[CLI] Called Query injectable/list"
}
[info] [API] Response ok: injectable/list: {
	"result": [
		{
			"id": "httpClient",
			"dataType": "External",
			"name": "HttpClient",
			"relatedTypes": {}
		},
		{
			"id": "activatedRoute",
			"dataType": "External",
			"name": "ActivatedRoute",
			"relatedTypes": {}
		}
	],
	"level": "info",
	"message": "[API] Response ok: injectable/list"
}
[info] [API] Request for injectable/inject-external: {
	"action": "injectable/inject-external",
	"params": {
		"entityFilePath": "C:/Paulina/lowgular-course-entry/src/app/ui/employee-list/employee-list.component.ts",
		"externalId": "httpClient"
	},
	"context": {
		"workspace": {
			"rootPath": "C:/Paulina/lowgular-course-entry"
		},
		"userContext": {
			"id": "93btFzSWtH",
			"correlationId": "XZgYpttWVH",
			"clickedPath": "C:/Paulina/lowgular-course-entry/src/app/ui/employee-list/employee-list.component.ts",
			"logEnvId": "development"
		}
	},
	"level": "info",
	"message": "[API] Request for injectable/inject-external"
}
[info] [API] Response ok: injectable/inject-external: {
	"result": {
		"filePath": "C:/Paulina/lowgular-course-entry/src/app/ui/employee-list/employee-list.component.ts"
	},
	"level": "info",
	"message": "[API] Response ok: injectable/inject-external"
}
[info] [CLI] Calling Command injectable/inject-external: {
	"funcParams": {
		"entityFilePath": "C:/Paulina/lowgular-course-entry/src/app/ui/employee-list/employee-list.component.ts",
		"externalId": "httpClient"
	},
	"level": "info",
	"message": "[CLI] Calling Command injectable/inject-external"
}
[info] [CLI] Called Command injectable/inject-external: {
	"message": "[CLI] Called Command injectable/inject-external",
	"level": "info"
}
[info] [CommandBus]: Dispatching command INJECT_EXTERNAL_DEPENDENCY: {
	"commandName": "INJECT_EXTERNAL_DEPENDENCY",
	"payload": {
		"entityFilePath": "C:/Paulina/lowgular-course-entry/src/app/ui/employee-list/employee-list.component.ts",
		"externalType": "HttpClient",
		"genericFilePaths": []
	},
	"level": "info",
	"message": "[CommandBus]: Dispatching command INJECT_EXTERNAL_DEPENDENCY"
}
[info] [CommandBus]: Handled  INJECT_EXTERNAL_DEPENDENCY: {
	"commandName": "INJECT_EXTERNAL_DEPENDENCY",
	"payload": {
		"entityFilePath": "C:/Paulina/lowgular-course-entry/src/app/ui/employee-list/employee-list.component.ts",
		"externalType": "HttpClient",
		"genericFilePaths": []
	},
	"level": "info",
	"message": "[CommandBus]: Handled  INJECT_EXTERNAL_DEPENDENCY"
}
[info] [API] Request for entity/actions: {
	"action": "entity/actions",
	"params": {
		"clickedPath": "C:/Paulina/lowgular-course-entry/src/app/ui/employee-list/employee-list.component.ts",
		"position": 419
	},
	"context": {
		"workspace": {
			"rootPath": "C:/Paulina/lowgular-course-entry"
		},
		"userContext": {
			"id": "93btFzSWtH",
			"correlationId": "CnmQUYu4_Z",
			"clickedPath": "C:/Paulina/lowgular-course-entry/src/app/ui/employee-list/employee-list.component.ts",
			"logEnvId": "development"
		}
	},
	"level": "info",
	"message": "[API] Request for entity/actions"
}
[info] [API] Response ok: entity/actions: {
	"result": {
		"context": {
			"parentClass": "EmployeeListComponent"
		},
		"children": [
			{
				"label": "Properties",
				"children": [
					{
						"label": "data$",
						"children": [
							{
								"actionId": "RXJS_CALL_EXPRESSIONS_MAP",
								"label": "Map Property",
								"callPath": [
									"data$"
								]
							},
							{
								"actionId": "RXJS_CALL_EXPRESSIONS_TAP",
								"label": "Property Side Effect",
								"callPath": [
									"data$"
								]
							}
						]
					},
					{
						"actionId": "ADD_FORM",
						"label": "Create Form Property",
						"callPath": []
					},
					{
						"actionId": "RXJS_PROPERTY_CREATE",
						"label": "Create Data Property",
						"callPath": []
					},
					{
						"actionId": "RXJS_PROPERTY_SUBJECT_CREATE",
						"label": "Create Subject Property",
						"callPath": []
					}
				]
			},
			{
				"label": "Inject",
				"actionId": "INJECT",
				"callPath": []
			},
			{
				"label": "Methods",
				"children": [
					{
						"actionId": "METHOD_CREATE",
						"label": "Create New Method",
						"callPath": []
					}
				]
			},
			{
				"label": "Add Component to Route",
				"actionId": "ADD_TO_ROUTE",
				"callPath": []
			}
		]
	},
	"level": "info",
	"message": "[API] Response ok: entity/actions"
}
[info] [CLI] Calling Query entity/actions: {
	"funcParams": {
		"clickedPath": "C:/Paulina/lowgular-course-entry/src/app/ui/employee-list/employee-list.component.ts",
		"position": 419
	},
	"level": "info",
	"message": "[CLI] Calling Query entity/actions"
}
[info] [CLI] Called Query entity/actions: {
	"result": {
		"context": {
			"parentClass": "EmployeeListComponent"
		},
		"children": [
			{
				"label": "Properties",
				"children": [
					{
						"label": "data$",
						"children": [
							{
								"actionId": "RXJS_CALL_EXPRESSIONS_MAP",
								"label": "Map Property",
								"callPath": [
									"data$"
								]
							},
							{
								"actionId": "RXJS_CALL_EXPRESSIONS_TAP",
								"label": "Property Side Effect",
								"callPath": [
									"data$"
								]
							}
						]
					},
					{
						"actionId": "ADD_FORM",
						"label": "Create Form Property",
						"callPath": []
					},
					{
						"actionId": "RXJS_PROPERTY_CREATE",
						"label": "Create Data Property",
						"callPath": []
					},
					{
						"actionId": "RXJS_PROPERTY_SUBJECT_CREATE",
						"label": "Create Subject Property",
						"callPath": []
					}
				]
			},
			{
				"label": "Inject",
				"actionId": "INJECT",
				"callPath": []
			},
			{
				"label": "Methods",
				"children": [
					{
						"actionId": "METHOD_CREATE",
						"label": "Create New Method",
						"callPath": []
					}
				]
			},
			{
				"label": "Add Component to Route",
				"actionId": "ADD_TO_ROUTE",
				"callPath": []
			}
		]
	},
	"level": "info",
	"message": "[CLI] Called Query entity/actions"
}
[info] [API] Request for injectable/list: {
	"action": "injectable/list",
	"params": {
		"entityFilePath": "C:/Paulina/lowgular-course-entry/src/app/ui/employee-list/employee-list.component.ts"
	},
	"context": {
		"workspace": {
			"rootPath": "C:/Paulina/lowgular-course-entry"
		},
		"userContext": {
			"id": "93btFzSWtH",
			"correlationId": "CnmQUYu4_Z",
			"clickedPath": "C:/Paulina/lowgular-course-entry/src/app/ui/employee-list/employee-list.component.ts",
			"logEnvId": "development"
		}
	},
	"level": "info",
	"message": "[API] Request for injectable/list"
}
[info] [CLI] Calling Query injectable/list: {
	"funcParams": {
		"entityFilePath": "C:/Paulina/lowgular-course-entry/src/app/ui/employee-list/employee-list.component.ts"
	},
	"level": "info",
	"message": "[CLI] Calling Query injectable/list"
}
[info] [CLI] Called Query injectable/list: {
	"result": [
		{
			"id": "httpClient",
			"dataType": "External",
			"name": "HttpClient",
			"relatedTypes": {}
		},
		{
			"id": "activatedRoute",
			"dataType": "External",
			"name": "ActivatedRoute",
			"relatedTypes": {}
		}
	],
	"level": "info",
	"message": "[CLI] Called Query injectable/list"
}
[info] [API] Response ok: injectable/list: {
	"result": [
		{
			"id": "httpClient",
			"dataType": "External",
			"name": "HttpClient",
			"relatedTypes": {}
		},
		{
			"id": "activatedRoute",
			"dataType": "External",
			"name": "ActivatedRoute",
			"relatedTypes": {}
		}
	],
	"level": "info",
	"message": "[API] Response ok: injectable/list"
}
[info] [API] Request for injectable/inject-external: {
	"action": "injectable/inject-external",
	"params": {
		"entityFilePath": "C:/Paulina/lowgular-course-entry/src/app/ui/employee-list/employee-list.component.ts",
		"externalId": "httpClient"
	},
	"context": {
		"workspace": {
			"rootPath": "C:/Paulina/lowgular-course-entry"
		},
		"userContext": {
			"id": "93btFzSWtH",
			"correlationId": "CnmQUYu4_Z",
			"clickedPath": "C:/Paulina/lowgular-course-entry/src/app/ui/employee-list/employee-list.component.ts",
			"logEnvId": "development"
		}
	},
	"level": "info",
	"message": "[API] Request for injectable/inject-external"
}
[info] [CLI] Calling Command injectable/inject-external: {
	"funcParams": {
		"entityFilePath": "C:/Paulina/lowgular-course-entry/src/app/ui/employee-list/employee-list.component.ts",
		"externalId": "httpClient"
	},
	"level": "info",
	"message": "[CLI] Calling Command injectable/inject-external"
}
[info] [CommandBus]: Dispatching command INJECT_EXTERNAL_DEPENDENCY: {
	"commandName": "INJECT_EXTERNAL_DEPENDENCY",
	"payload": {
		"entityFilePath": "C:/Paulina/lowgular-course-entry/src/app/ui/employee-list/employee-list.component.ts",
		"externalType": "HttpClient",
		"genericFilePaths": []
	},
	"level": "info",
	"message": "[CommandBus]: Dispatching command INJECT_EXTERNAL_DEPENDENCY"
}
[info] [CommandBus]: Handled  INJECT_EXTERNAL_DEPENDENCY: {
	"commandName": "INJECT_EXTERNAL_DEPENDENCY",
	"payload": {
		"entityFilePath": "C:/Paulina/lowgular-course-entry/src/app/ui/employee-list/employee-list.component.ts",
		"externalType": "HttpClient",
		"genericFilePaths": []
	},
	"level": "info",
	"message": "[CommandBus]: Handled  INJECT_EXTERNAL_DEPENDENCY"
}
[info] [CLI] Called Command injectable/inject-external: {
	"message": "[CLI] Called Command injectable/inject-external",
	"level": "info"
}
[info] [API] Response ok: injectable/inject-external: {
	"result": {
		"filePath": "C:/Paulina/lowgular-course-entry/src/app/ui/employee-list/employee-list.component.ts"
	},
	"level": "info",
	"message": "[API] Response ok: injectable/inject-external"
}
[info] [API] Request for entity/actions: {
	"action": "entity/actions",
	"params": {
		"clickedPath": "C:/Paulina/lowgular-course-entry/src/app/ui/employee-list/employee-list.component.html",
		"position": 290
	},
	"context": {
		"workspace": {
			"rootPath": "C:/Paulina/lowgular-course-entry"
		},
		"userContext": {
			"id": "93btFzSWtH",
			"correlationId": "jYRJ57gyCm",
			"clickedPath": "C:/Paulina/lowgular-course-entry/src/app/ui/employee-list/employee-list.component.html",
			"logEnvId": "development"
		}
	},
	"level": "info",
	"message": "[API] Request for entity/actions"
}
[info] [API] Response ok: entity/actions: {
	"result": {
		"context": {
			"parentClass": "EmployeeListComponent",
			"options": [
				{
					"type": "forms"
				},
				{
					"type": "lists"
				}
			]
		},
		"children": [
			{
				"actionId": "ADD_TEMPLATE",
				"label": "Display Data",
				"callPath": []
			},
			{
				"actionId": "ADD_LAYOUT",
				"label": "Display Layout",
				"callPath": []
			},
			{
				"actionId": "ADD_COMPONENT",
				"label": "Display Component",
				"callPath": []
			}
		]
	},
	"level": "info",
	"message": "[API] Response ok: entity/actions"
}
[info] [CLI] Calling Query entity/actions: {
	"funcParams": {
		"clickedPath": "C:/Paulina/lowgular-course-entry/src/app/ui/employee-list/employee-list.component.html",
		"position": 290
	},
	"level": "info",
	"message": "[CLI] Calling Query entity/actions"
}
[info] [CLI] Called Query entity/actions: {
	"result": {
		"context": {
			"parentClass": "EmployeeListComponent",
			"options": [
				{
					"type": "forms"
				},
				{
					"type": "lists"
				}
			]
		},
		"children": [
			{
				"actionId": "ADD_TEMPLATE",
				"label": "Display Data",
				"callPath": []
			},
			{
				"actionId": "ADD_LAYOUT",
				"label": "Display Layout",
				"callPath": []
			},
			{
				"actionId": "ADD_COMPONENT",
				"label": "Display Component",
				"callPath": []
			}
		]
	},
	"level": "info",
	"message": "[CLI] Called Query entity/actions"
}
[info] [API] Request for flow/create-entity: {
	"action": "flow/create-entity",
	"params": {},
	"context": {
		"workspace": {
			"rootPath": "C:/Paulina/lowgular-course-entry"
		},
		"userContext": {
			"id": "93btFzSWtH",
			"correlationId": "U7NCIAYSbL",
			"clickedPath": "C:/Paulina/lowgular-course-entry/src/app/ui/employee-list",
			"logEnvId": "development"
		}
	},
	"level": "info",
	"message": "[API] Request for flow/create-entity"
}
[info] [CLI] Calling Query flow/create-entity: {
	"funcParams": {},
	"level": "info",
	"message": "[CLI] Calling Query flow/create-entity"
}
[info] [CLI] Called Query flow/create-entity: {
	"result": {
		"context": {
			"project": {
				"name": "lowgular-course-entry",
				"workspaceRoot": "C:/Paulina/lowgular-course-entry",
				"root": "",
				"sourceRoot": "src",
				"prefix": "app",
				"codePathFromWorkspaceRoot": "src/app",
				"absoluteCodePath": "C:/Paulina/lowgular-course-entry/src/app",
				"absoluteRootPath": "C:/Paulina/lowgular-course-entry",
				"rootRoutingFilePath": "C:/Paulina/lowgular-course-entry/src/app/app-routing.module.ts",
				"type": "App"
			}
		},
		"steps": [
			{
				"contextId": "entity",
				"title": "What do you want to create?",
				"type": "multi-option",
				"options": {
					"App": [
						{
							"id": "component",
							"suffix": "Component",
							"folder": "ui/$name$",
							"type": "ANGULAR_COMPONENT",
							"insideOf": "App",
							"config": {
								"stylesExtension": "none",
								"viewEncapsulation": "Emulated",
								"selector": "generated",
								"changeDetectionStrategy": "OnPush"
							}
						},
						{
							"id": "dataService",
							"suffix": "Service",
							"folder": "services",
							"type": "ANGULAR_SERVICE",
							"insideOf": "App"
						},
						{
							"id": "model",
							"suffix": "Model",
							"folder": "model",
							"type": "DATA_STRUCTURE",
							"insideOf": "App"
						},
						{
							"id": "response",
							"suffix": "Response",
							"folder": "services",
							"type": "DATA_STRUCTURE",
							"insideOf": "App"
						}
					],
					"Lib": []
				},
				"param": "project.type",
				"property": "id"
			},
			{
				"contextId": "name",
				"title": "What is the $entity.id$ name?",
				"subtitle": "e.g. user",
				"type": "text-input"
			},
			{
				"conditions": [
					{
						"left": "entity.type",
						"operator": "eq",
						"right": "DATA_STRUCTURE"
					},
					{
						"left": "entity.type",
						"operator": "eq",
						"right": "OBJECT"
					}
				],
				"contextId": "properties",
				"title": "What are the $entity.id$ properties?",
				"subtitle": "Optional: Can be empty... or use csv format e.g. id:number,text:string",
				"type": "multi-input"
			}
		],
		"request": {
			"scope": "entity.type",
			"config": {
				"LIBRARY": {
					"url": "library/create",
					"payload": {
						"name": "name.value"
					}
				},
				"OBJECT": {
					"url": "object/create",
					"payload": {
						"name": "name.value",
						"properties": "properties",
						"entityId": "entity.id"
					}
				},
				"DATA_STRUCTURE": {
					"url": "data-structure/create",
					"payload": {
						"name": "name.value",
						"properties": "properties",
						"entityId": "entity.id"
					}
				},
				"ANGULAR_COMPONENT": {
					"url": "angular-component/create",
					"payload": {
						"name": "name.value",
						"entityId": "entity.id"
					}
				},
				"ANGULAR_DIRECTIVE": {
					"url": "angular-directive/create",
					"payload": {
						"name": "name.value",
						"entityId": "entity.id"
					}
				},
				"ANGULAR_GUARD": {
					"url": "angular-guard/create",
					"payload": {
						"name": "name.value",
						"entityId": "entity.id"
					}
				},
				"ANGULAR_RESOLVER": {
					"url": "angular-resolver/create",
					"payload": {
						"name": "name.value",
						"entityId": "entity.id"
					}
				},
				"ANGULAR_SERVICE": {
					"url": "angular-service/create",
					"payload": {
						"name": "name.value",
						"entityId": "entity.id"
					}
				},
				"ABSTRACTION": {
					"url": "abstraction/create",
					"payload": {
						"name": "name.value",
						"entityId": "entity.id"
					}
				}
			}
		}
	},
	"level": "info",
	"message": "[CLI] Called Query flow/create-entity"
}
[info] [API] Response ok: flow/create-entity: {
	"result": {
		"context": {
			"project": {
				"name": "lowgular-course-entry",
				"workspaceRoot": "C:/Paulina/lowgular-course-entry",
				"root": "",
				"sourceRoot": "src",
				"prefix": "app",
				"codePathFromWorkspaceRoot": "src/app",
				"absoluteCodePath": "C:/Paulina/lowgular-course-entry/src/app",
				"absoluteRootPath": "C:/Paulina/lowgular-course-entry",
				"rootRoutingFilePath": "C:/Paulina/lowgular-course-entry/src/app/app-routing.module.ts",
				"type": "App"
			}
		},
		"steps": [
			{
				"contextId": "entity",
				"title": "What do you want to create?",
				"type": "multi-option",
				"options": {
					"App": [
						{
							"id": "component",
							"suffix": "Component",
							"folder": "ui/$name$",
							"type": "ANGULAR_COMPONENT",
							"insideOf": "App",
							"config": {
								"stylesExtension": "none",
								"viewEncapsulation": "Emulated",
								"selector": "generated",
								"changeDetectionStrategy": "OnPush"
							}
						},
						{
							"id": "dataService",
							"suffix": "Service",
							"folder": "services",
							"type": "ANGULAR_SERVICE",
							"insideOf": "App"
						},
						{
							"id": "model",
							"suffix": "Model",
							"folder": "model",
							"type": "DATA_STRUCTURE",
							"insideOf": "App"
						},
						{
							"id": "response",
							"suffix": "Response",
							"folder": "services",
							"type": "DATA_STRUCTURE",
							"insideOf": "App"
						}
					],
					"Lib": []
				},
				"param": "project.type",
				"property": "id"
			},
			{
				"contextId": "name",
				"title": "What is the $entity.id$ name?",
				"subtitle": "e.g. user",
				"type": "text-input"
			},
			{
				"conditions": [
					{
						"left": "entity.type",
						"operator": "eq",
						"right": "DATA_STRUCTURE"
					},
					{
						"left": "entity.type",
						"operator": "eq",
						"right": "OBJECT"
					}
				],
				"contextId": "properties",
				"title": "What are the $entity.id$ properties?",
				"subtitle": "Optional: Can be empty... or use csv format e.g. id:number,text:string",
				"type": "multi-input"
			}
		],
		"request": {
			"scope": "entity.type",
			"config": {
				"LIBRARY": {
					"url": "library/create",
					"payload": {
						"name": "name.value"
					}
				},
				"OBJECT": {
					"url": "object/create",
					"payload": {
						"name": "name.value",
						"properties": "properties",
						"entityId": "entity.id"
					}
				},
				"DATA_STRUCTURE": {
					"url": "data-structure/create",
					"payload": {
						"name": "name.value",
						"properties": "properties",
						"entityId": "entity.id"
					}
				},
				"ANGULAR_COMPONENT": {
					"url": "angular-component/create",
					"payload": {
						"name": "name.value",
						"entityId": "entity.id"
					}
				},
				"ANGULAR_DIRECTIVE": {
					"url": "angular-directive/create",
					"payload": {
						"name": "name.value",
						"entityId": "entity.id"
					}
				},
				"ANGULAR_GUARD": {
					"url": "angular-guard/create",
					"payload": {
						"name": "name.value",
						"entityId": "entity.id"
					}
				},
				"ANGULAR_RESOLVER": {
					"url": "angular-resolver/create",
					"payload": {
						"name": "name.value",
						"entityId": "entity.id"
					}
				},
				"ANGULAR_SERVICE": {
					"url": "angular-service/create",
					"payload": {
						"name": "name.value",
						"entityId": "entity.id"
					}
				},
				"ABSTRACTION": {
					"url": "abstraction/create",
					"payload": {
						"name": "name.value",
						"entityId": "entity.id"
					}
				}
			}
		}
	},
	"level": "info",
	"message": "[API] Response ok: flow/create-entity"
}
